{"Trace":"2018-08-06 03:34:19 AM","Error Code":"42S02","Message":"Something went terribly wrong.","Line":729,"File":"C:\\xampp\\htdocs\\lig\\vendor\\laravel\\framework\\src\\Illuminate\\Database\\Connection.php","Source":"http:\/\/localhost\/lig\/public\/article\/all"} 
----
{"Trace":"2018-08-06 03:37:36 AM","Error Code":0,"Message":"Something went terribly wrong.","Line":8912,"File":"C:\\xampp\\htdocs\\lig\\bootstrap\\cache\\compiled.php","Source":"http:\/\/localhost\/lig\/public\/assets\/images\/asdadad"} 
--{"Trace":"2018-08-06 03:37:36 AM","Error Code":0,"Message":"Something went terribly wrong.","Line":8912,"File":"C:\\xampp\\htdocs\\lig\\bootstrap\\cache\\compiled.php","Source":"http:\/\/localhost\/lig\/public\/assets\/images\/asdasdasda"} 
----
{"Trace":"2018-08-06 03:37:37 AM","Error Code":0,"Message":"Something went terribly wrong.","Line":8912,"File":"C:\\xampp\\htdocs\\lig\\bootstrap\\cache\\compiled.php","Source":"http:\/\/localhost\/lig\/public\/assets\/images\/asdadad"} 
----
{"Trace":"2018-08-06 03:38:20 AM","Error Code":0,"Message":"Something went terribly wrong.","Line":8912,"File":"C:\\xampp\\htdocs\\lig\\bootstrap\\cache\\compiled.php","Source":"http:\/\/localhost\/lig\/public\/assets\/images\/asdadad"} 
----
{"Trace":"2018-08-06 03:38:20 AM","Error Code":0,"Message":"Something went terribly wrong.","Line":8912,"File":"C:\\xampp\\htdocs\\lig\\bootstrap\\cache\\compiled.php","Source":"http:\/\/localhost\/lig\/public\/assets\/images\/null"} 
----
{"Trace":"2018-08-06 03:38:20 AM","Error Code":0,"Message":"Something went terribly wrong.","Line":8912,"File":"C:\\xampp\\htdocs\\lig\\bootstrap\\cache\\compiled.php","Source":"http:\/\/localhost\/lig\/public\/assets\/images\/asdasdasda"} 
----
{"Trace":"2018-08-06 03:38:22 AM","Error Code":0,"Message":"Something went terribly wrong.","Line":8912,"File":"C:\\xampp\\htdocs\\lig\\bootstrap\\cache\\compiled.php","Source":"http:\/\/localhost\/lig\/public\/assets\/images\/asdadad"} 
----
{"Trace":"2018-08-06 03:38:22 AM","Error Code":0,"Message":"Something went terribly wrong.","Line":8912,"File":"C:\\xampp\\htdocs\\lig\\bootstrap\\cache\\compiled.php","Source":"http:\/\/localhost\/lig\/public\/assets\/images\/asdasdasda"} 
----
{"Trace":"2018-08-06 03:45:28 AM","Error Code":0,"Message":"Something went terribly wrong.","Line":67,"File":"C:\\xampp\\htdocs\\lig\\modules\\article\\Models\\ArticleModel.php","Source":"http:\/\/localhost\/lig\/public\/article\/all"} 
----
{"Trace":"2018-08-06 03:45:32 AM","Error Code":0,"Message":"Something went terribly wrong.","Line":67,"File":"C:\\xampp\\htdocs\\lig\\modules\\article\\Models\\ArticleModel.php","Source":"http:\/\/localhost\/lig\/public\/article\/all"} 
----
{"Trace":"2018-08-06 03:48:21 AM","Error Code":0,"Message":"Something went terribly wrong.","Line":8912,"File":"C:\\xampp\\htdocs\\lig\\bootstrap\\cache\\compiled.php","Source":"http:\/\/localhost\/lig\/public\/assets\/images\/null"} 
----
{"Trace":"2018-08-06 03:48:23 AM","Error Code":0,"Message":"Something went terribly wrong.","Line":8912,"File":"C:\\xampp\\htdocs\\lig\\bootstrap\\cache\\compiled.php","Source":"http:\/\/localhost\/lig\/public\/assets\/images\/null"} 
----
{"Message":"authenticate redirecting"} 
----
{"Trace":"2018-08-06 05:06:28 AM","Error Code":"42S22","Message":"Something went terribly wrong.","Line":729,"File":"C:\\xampp\\htdocs\\lig\\vendor\\laravel\\framework\\src\\Illuminate\\Database\\Connection.php","Source":"http:\/\/localhost\/lig\/public\/admin\/login"} 
----
{"Trace":"2018-08-06 05:07:05 AM","Error Code":"42S22","Message":"Something went terribly wrong.","Line":729,"File":"C:\\xampp\\htdocs\\lig\\vendor\\laravel\\framework\\src\\Illuminate\\Database\\Connection.php","Source":"http:\/\/localhost\/lig\/public\/admin\/login"} 
----
{"Trace":"2018-08-06 05:09:40 AM","Error Code":"42S22","Message":"Something went terribly wrong.","Line":729,"File":"C:\\xampp\\htdocs\\lig\\vendor\\laravel\\framework\\src\\Illuminate\\Database\\Connection.php","Source":"http:\/\/localhost\/lig\/public\/admin\/login"} 
----
{"Trace":"2018-08-06 07:16:16 AM","Error Code":0,"Message":"Requested URL: [http:\/\/localhost\/lig\/public\/index.php] was not found.","Line":161,"File":"C:\\xampp\\htdocs\\lig\\vendor\\laravel\\framework\\src\\Illuminate\\Routing\\RouteCollection.php","Source":"http:\/\/localhost\/lig\/public\/index.php"} 
----
{"Trace":"2018-08-06 07:44:24 AM","Error Code":0,"Message":"Requested URL: [http:\/\/localhost\/lig\/public\/css\/parsley.css] was not found.","Line":161,"File":"C:\\xampp\\htdocs\\lig\\vendor\\laravel\\framework\\src\\Illuminate\\Routing\\RouteCollection.php","Source":"http:\/\/localhost\/lig\/public\/css\/parsley.css"} 
----
{"Trace":"2018-08-06 07:44:40 AM","Error Code":0,"Message":"Requested URL: [http:\/\/localhost\/lig\/public\/css\/parsley.css] was not found.","Line":161,"File":"C:\\xampp\\htdocs\\lig\\vendor\\laravel\\framework\\src\\Illuminate\\Routing\\RouteCollection.php","Source":"http:\/\/localhost\/lig\/public\/css\/parsley.css"} 
----
{"Trace":"2018-08-06 07:45:03 AM","Error Code":0,"Message":"Requested URL: [http:\/\/localhost\/lig\/public\/css\/style.css] was not found.","Line":161,"File":"C:\\xampp\\htdocs\\lig\\vendor\\laravel\\framework\\src\\Illuminate\\Routing\\RouteCollection.php","Source":"http:\/\/localhost\/lig\/public\/css\/style.css"} 
----
{"Trace":"2018-08-06 07:48:55 AM","Error Code":0,"Message":"Requested URL: [http:\/\/localhost\/lig\/public\/css\/parsley.css] was not found.","Line":161,"File":"C:\\xampp\\htdocs\\lig\\vendor\\laravel\\framework\\src\\Illuminate\\Routing\\RouteCollection.php","Source":"http:\/\/localhost\/lig\/public\/css\/parsley.css"} 
----
{"Trace":"2018-08-06 07:49:00 AM","Error Code":0,"Message":"Requested URL: [http:\/\/localhost\/lig\/public\/css\/parsley.css] was not found.","Line":161,"File":"C:\\xampp\\htdocs\\lig\\vendor\\laravel\\framework\\src\\Illuminate\\Routing\\RouteCollection.php","Source":"http:\/\/localhost\/lig\/public\/css\/parsley.css"} 
----
{"Trace":"2018-08-06 09:10:48 AM","Error Code":0,"Message":"Requested URL: [http:\/\/localhost\/lig\/public\/admin\/article] was not found.","Line":161,"File":"C:\\xampp\\htdocs\\lig\\vendor\\laravel\\framework\\src\\Illuminate\\Routing\\RouteCollection.php","Source":"http:\/\/localhost\/lig\/public\/admin\/article"} 
----
