[2018-08-06 03:34:19] production.ERROR: PDOException: SQLSTATE[42S02]: Base table or view not found: 1146 Table 'rosie.article' doesn't exist in C:\xampp\htdocs\lig\vendor\laravel\framework\src\Illuminate\Database\Connection.php:335
Stack trace:
#0 C:\xampp\htdocs\lig\vendor\laravel\framework\src\Illuminate\Database\Connection.php(335): PDOStatement->execute(Array)
#1 C:\xampp\htdocs\lig\vendor\laravel\framework\src\Illuminate\Database\Connection.php(722): Illuminate\Database\Connection->Illuminate\Database\{closure}(Object(Illuminate\Database\MySqlConnection), 'select `id` fro...', Array)
#2 C:\xampp\htdocs\lig\vendor\laravel\framework\src\Illuminate\Database\Connection.php(685): Illuminate\Database\Connection->runQueryCallback('select `id` fro...', Array, Object(Closure))
#3 C:\xampp\htdocs\lig\vendor\laravel\framework\src\Illuminate\Database\Connection.php(349): Illuminate\Database\Connection->run('select `id` fro...', Array, Object(Closure))
#4 C:\xampp\htdocs\lig\vendor\laravel\framework\src\Illuminate\Database\Query\Builder.php(1610): Illuminate\Database\Connection->select('select `id` fro...', Array, true)
#5 C:\xampp\htdocs\lig\vendor\laravel\framework\src\Illuminate\Database\Query\Builder.php(1596): Illuminate\Database\Query\Builder->runSelect()
#6 C:\xampp\htdocs\lig\modules\article\Models\ArticleModel.php(34): Illuminate\Database\Query\Builder->get()
#7 C:\xampp\htdocs\lig\modules\article\Controllers\ArticleController.php(26): Modules\Article\Models\ArticleModel::list_articles()
#8 [internal function]: Modules\Article\Controllers\ArticleController->list_articles()
#9 C:\xampp\htdocs\lig\bootstrap\cache\compiled.php(9424): call_user_func_array(Array, Array)
#10 C:\xampp\htdocs\lig\bootstrap\cache\compiled.php(9486): Illuminate\Routing\Controller->callAction('list_articles', Array)
#11 C:\xampp\htdocs\lig\bootstrap\cache\compiled.php(9466): Illuminate\Routing\ControllerDispatcher->call(Object(Modules\Article\Controllers\ArticleController), Object(Illuminate\Routing\Route), 'list_articles')
#12 [internal function]: Illuminate\Routing\ControllerDispatcher->Illuminate\Routing\{closure}(Object(Illuminate\Http\Request))
#13 C:\xampp\htdocs\lig\vendor\laravel\framework\src\Illuminate\Routing\Pipeline.php(52): call_user_func(Object(Closure), Object(Illuminate\Http\Request))
#14 [internal function]: Illuminate\Routing\Pipeline->Illuminate\Routing\{closure}(Object(Illuminate\Http\Request))
#15 C:\xampp\htdocs\lig\bootstrap\cache\compiled.php(9948): call_user_func(Object(Closure), Object(Illuminate\Http\Request))
#16 C:\xampp\htdocs\lig\bootstrap\cache\compiled.php(9467): Illuminate\Pipeline\Pipeline->then(Object(Closure))
#17 C:\xampp\htdocs\lig\bootstrap\cache\compiled.php(9454): Illuminate\Routing\ControllerDispatcher->callWithinStack(Object(Modules\Article\Controllers\ArticleController), Object(Illuminate\Routing\Route), Object(Illuminate\Http\Request), 'list_articles')
#18 C:\xampp\htdocs\lig\bootstrap\cache\compiled.php(8524): Illuminate\Routing\ControllerDispatcher->dispatch(Object(Illuminate\Routing\Route), Object(Illuminate\Http\Request), 'Modules\\Article...', 'list_articles')
#19 C:\xampp\htdocs\lig\bootstrap\cache\compiled.php(8511): Illuminate\Routing\Route->runController(Object(Illuminate\Http\Request))
#20 C:\xampp\htdocs\lig\bootstrap\cache\compiled.php(8225): Illuminate\Routing\Route->run(Object(Illuminate\Http\Request))
#21 [internal function]: Illuminate\Routing\Router->Illuminate\Routing\{closure}(Object(Illuminate\Http\Request))
#22 C:\xampp\htdocs\lig\vendor\laravel\framework\src\Illuminate\Routing\Pipeline.php(52): call_user_func(Object(Closure), Object(Illuminate\Http\Request))
#23 C:\xampp\htdocs\lig\bootstrap\cache\compiled.php(13474): Illuminate\Routing\Pipeline->Illuminate\Routing\{closure}(Object(Illuminate\Http\Request))
#24 [internal function]: Illuminate\View\Middleware\ShareErrorsFromSession->handle(Object(Illuminate\Http\Request), Object(Closure))
#25 C:\xampp\htdocs\lig\bootstrap\cache\compiled.php(9963): call_user_func_array(Array, Array)
#26 [internal function]: Illuminate\Pipeline\Pipeline->Illuminate\Pipeline\{closure}(Object(Illuminate\Http\Request))
#27 C:\xampp\htdocs\lig\vendor\laravel\framework\src\Illuminate\Routing\Pipeline.php(32): call_user_func(Object(Closure), Object(Illuminate\Http\Request))
#28 C:\xampp\htdocs\lig\bootstrap\cache\compiled.php(11964): Illuminate\Routing\Pipeline->Illuminate\Routing\{closure}(Object(Illuminate\Http\Request))
#29 [internal function]: Illuminate\Session\Middleware\StartSession->handle(Object(Illuminate\Http\Request), Object(Closure))
#30 C:\xampp\htdocs\lig\bootstrap\cache\compiled.php(9963): call_user_func_array(Array, Array)
#31 [internal function]: Illuminate\Pipeline\Pipeline->Illuminate\Pipeline\{closure}(Object(Illuminate\Http\Request))
#32 C:\xampp\htdocs\lig\vendor\laravel\framework\src\Illuminate\Routing\Pipeline.php(32): call_user_func(Object(Closure), Object(Illuminate\Http\Request))
#33 C:\xampp\htdocs\lig\bootstrap\cache\compiled.php(13213): Illuminate\Routing\Pipeline->Illuminate\Routing\{closure}(Object(Illuminate\Http\Request))
#34 [internal function]: Illuminate\Cookie\Middleware\AddQueuedCookiesToResponse->handle(Object(Illuminate\Http\Request), Object(Closure))
#35 C:\xampp\htdocs\lig\bootstrap\cache\compiled.php(9963): call_user_func_array(Array, Array)
#36 [internal function]: Illuminate\Pipeline\Pipeline->Illuminate\Pipeline\{closure}(Object(Illuminate\Http\Request))
#37 C:\xampp\htdocs\lig\vendor\laravel\framework\src\Illuminate\Routing\Pipeline.php(32): call_user_func(Object(Closure), Object(Illuminate\Http\Request))
#38 C:\xampp\htdocs\lig\bootstrap\cache\compiled.php(13150): Illuminate\Routing\Pipeline->Illuminate\Routing\{closure}(Object(Illuminate\Http\Request))
#39 [internal function]: Illuminate\Cookie\Middleware\EncryptCookies->handle(Object(Illuminate\Http\Request), Object(Closure))
#40 C:\xampp\htdocs\lig\bootstrap\cache\compiled.php(9963): call_user_func_array(Array, Array)
#41 [internal function]: Illuminate\Pipeline\Pipeline->Illuminate\Pipeline\{closure}(Object(Illuminate\Http\Request))
#42 C:\xampp\htdocs\lig\vendor\laravel\framework\src\Illuminate\Routing\Pipeline.php(32): call_user_func(Object(Closure), Object(Illuminate\Http\Request))
#43 [internal function]: Illuminate\Routing\Pipeline->Illuminate\Routing\{closure}(Object(Illuminate\Http\Request))
#44 C:\xampp\htdocs\lig\bootstrap\cache\compiled.php(9948): call_user_func(Object(Closure), Object(Illuminate\Http\Request))
#45 C:\xampp\htdocs\lig\bootstrap\cache\compiled.php(8226): Illuminate\Pipeline\Pipeline->then(Object(Closure))
#46 C:\xampp\htdocs\lig\bootstrap\cache\compiled.php(8217): Illuminate\Routing\Router->runRouteWithinStack(Object(Illuminate\Routing\Route), Object(Illuminate\Http\Request))
#47 C:\xampp\htdocs\lig\bootstrap\cache\compiled.php(8207): Illuminate\Routing\Router->dispatchToRoute(Object(Illuminate\Http\Request))
#48 C:\xampp\htdocs\lig\bootstrap\cache\compiled.php(2419): Illuminate\Routing\Router->dispatch(Object(Illuminate\Http\Request))
#49 [internal function]: Illuminate\Foundation\Http\Kernel->Illuminate\Foundation\Http\{closure}(Object(Illuminate\Http\Request))
#50 C:\xampp\htdocs\lig\vendor\laravel\framework\src\Illuminate\Routing\Pipeline.php(52): call_user_func(Object(Closure), Object(Illuminate\Http\Request))
#51 C:\xampp\htdocs\lig\bootstrap\cache\compiled.php(3286): Illuminate\Routing\Pipeline->Illuminate\Routing\{closure}(Object(Illuminate\Http\Request))
#52 [internal function]: Illuminate\Foundation\Http\Middleware\CheckForMaintenanceMode->handle(Object(Illuminate\Http\Request), Object(Closure))
#53 C:\xampp\htdocs\lig\bootstrap\cache\compiled.php(9963): call_user_func_array(Array, Array)
#54 [internal function]: Illuminate\Pipeline\Pipeline->Illuminate\Pipeline\{closure}(Object(Illuminate\Http\Request))
#55 C:\xampp\htdocs\lig\vendor\laravel\framework\src\Illuminate\Routing\Pipeline.php(32): call_user_func(Object(Closure), Object(Illuminate\Http\Request))
#56 [internal function]: Illuminate\Routing\Pipeline->Illuminate\Routing\{closure}(Object(Illuminate\Http\Request))
#57 C:\xampp\htdocs\lig\bootstrap\cache\compiled.php(9948): call_user_func(Object(Closure), Object(Illuminate\Http\Request))
#58 C:\xampp\htdocs\lig\bootstrap\cache\compiled.php(2366): Illuminate\Pipeline\Pipeline->then(Object(Closure))
#59 C:\xampp\htdocs\lig\bootstrap\cache\compiled.php(2350): Illuminate\Foundation\Http\Kernel->sendRequestThroughRouter(Object(Illuminate\Http\Request))
#60 C:\xampp\htdocs\lig\public\index.php(53): Illuminate\Foundation\Http\Kernel->handle(Object(Illuminate\Http\Request))
#61 {main}

Next Illuminate\Database\QueryException: SQLSTATE[42S02]: Base table or view not found: 1146 Table 'rosie.article' doesn't exist (SQL: select `id` from `article`) in C:\xampp\htdocs\lig\vendor\laravel\framework\src\Illuminate\Database\Connection.php:729
Stack trace:
#0 C:\xampp\htdocs\lig\vendor\laravel\framework\src\Illuminate\Database\Connection.php(685): Illuminate\Database\Connection->runQueryCallback('select `id` fro...', Array, Object(Closure))
#1 C:\xampp\htdocs\lig\vendor\laravel\framework\src\Illuminate\Database\Connection.php(349): Illuminate\Database\Connection->run('select `id` fro...', Array, Object(Closure))
#2 C:\xampp\htdocs\lig\vendor\laravel\framework\src\Illuminate\Database\Query\Builder.php(1610): Illuminate\Database\Connection->select('select `id` fro...', Array, true)
#3 C:\xampp\htdocs\lig\vendor\laravel\framework\src\Illuminate\Database\Query\Builder.php(1596): Illuminate\Database\Query\Builder->runSelect()
#4 C:\xampp\htdocs\lig\modules\article\Models\ArticleModel.php(34): Illuminate\Database\Query\Builder->get()
#5 C:\xampp\htdocs\lig\modules\article\Controllers\ArticleController.php(26): Modules\Article\Models\ArticleModel::list_articles()
#6 [internal function]: Modules\Article\Controllers\ArticleController->list_articles()
#7 C:\xampp\htdocs\lig\bootstrap\cache\compiled.php(9424): call_user_func_array(Array, Array)
#8 C:\xampp\htdocs\lig\bootstrap\cache\compiled.php(9486): Illuminate\Routing\Controller->callAction('list_articles', Array)
#9 C:\xampp\htdocs\lig\bootstrap\cache\compiled.php(9466): Illuminate\Routing\ControllerDispatcher->call(Object(Modules\Article\Controllers\ArticleController), Object(Illuminate\Routing\Route), 'list_articles')
#10 [internal function]: Illuminate\Routing\ControllerDispatcher->Illuminate\Routing\{closure}(Object(Illuminate\Http\Request))
#11 C:\xampp\htdocs\lig\vendor\laravel\framework\src\Illuminate\Routing\Pipeline.php(52): call_user_func(Object(Closure), Object(Illuminate\Http\Request))
#12 [internal function]: Illuminate\Routing\Pipeline->Illuminate\Routing\{closure}(Object(Illuminate\Http\Request))
#13 C:\xampp\htdocs\lig\bootstrap\cache\compiled.php(9948): call_user_func(Object(Closure), Object(Illuminate\Http\Request))
#14 C:\xampp\htdocs\lig\bootstrap\cache\compiled.php(9467): Illuminate\Pipeline\Pipeline->then(Object(Closure))
#15 C:\xampp\htdocs\lig\bootstrap\cache\compiled.php(9454): Illuminate\Routing\ControllerDispatcher->callWithinStack(Object(Modules\Article\Controllers\ArticleController), Object(Illuminate\Routing\Route), Object(Illuminate\Http\Request), 'list_articles')
#16 C:\xampp\htdocs\lig\bootstrap\cache\compiled.php(8524): Illuminate\Routing\ControllerDispatcher->dispatch(Object(Illuminate\Routing\Route), Object(Illuminate\Http\Request), 'Modules\\Article...', 'list_articles')
#17 C:\xampp\htdocs\lig\bootstrap\cache\compiled.php(8511): Illuminate\Routing\Route->runController(Object(Illuminate\Http\Request))
#18 C:\xampp\htdocs\lig\bootstrap\cache\compiled.php(8225): Illuminate\Routing\Route->run(Object(Illuminate\Http\Request))
#19 [internal function]: Illuminate\Routing\Router->Illuminate\Routing\{closure}(Object(Illuminate\Http\Request))
#20 C:\xampp\htdocs\lig\vendor\laravel\framework\src\Illuminate\Routing\Pipeline.php(52): call_user_func(Object(Closure), Object(Illuminate\Http\Request))
#21 C:\xampp\htdocs\lig\bootstrap\cache\compiled.php(13474): Illuminate\Routing\Pipeline->Illuminate\Routing\{closure}(Object(Illuminate\Http\Request))
#22 [internal function]: Illuminate\View\Middleware\ShareErrorsFromSession->handle(Object(Illuminate\Http\Request), Object(Closure))
#23 C:\xampp\htdocs\lig\bootstrap\cache\compiled.php(9963): call_user_func_array(Array, Array)
#24 [internal function]: Illuminate\Pipeline\Pipeline->Illuminate\Pipeline\{closure}(Object(Illuminate\Http\Request))
#25 C:\xampp\htdocs\lig\vendor\laravel\framework\src\Illuminate\Routing\Pipeline.php(32): call_user_func(Object(Closure), Object(Illuminate\Http\Request))
#26 C:\xampp\htdocs\lig\bootstrap\cache\compiled.php(11964): Illuminate\Routing\Pipeline->Illuminate\Routing\{closure}(Object(Illuminate\Http\Request))
#27 [internal function]: Illuminate\Session\Middleware\StartSession->handle(Object(Illuminate\Http\Request), Object(Closure))
#28 C:\xampp\htdocs\lig\bootstrap\cache\compiled.php(9963): call_user_func_array(Array, Array)
#29 [internal function]: Illuminate\Pipeline\Pipeline->Illuminate\Pipeline\{closure}(Object(Illuminate\Http\Request))
#30 C:\xampp\htdocs\lig\vendor\laravel\framework\src\Illuminate\Routing\Pipeline.php(32): call_user_func(Object(Closure), Object(Illuminate\Http\Request))
#31 C:\xampp\htdocs\lig\bootstrap\cache\compiled.php(13213): Illuminate\Routing\Pipeline->Illuminate\Routing\{closure}(Object(Illuminate\Http\Request))
#32 [internal function]: Illuminate\Cookie\Middleware\AddQueuedCookiesToResponse->handle(Object(Illuminate\Http\Request), Object(Closure))
#33 C:\xampp\htdocs\lig\bootstrap\cache\compiled.php(9963): call_user_func_array(Array, Array)
#34 [internal function]: Illuminate\Pipeline\Pipeline->Illuminate\Pipeline\{closure}(Object(Illuminate\Http\Request))
#35 C:\xampp\htdocs\lig\vendor\laravel\framework\src\Illuminate\Routing\Pipeline.php(32): call_user_func(Object(Closure), Object(Illuminate\Http\Request))
#36 C:\xampp\htdocs\lig\bootstrap\cache\compiled.php(13150): Illuminate\Routing\Pipeline->Illuminate\Routing\{closure}(Object(Illuminate\Http\Request))
#37 [internal function]: Illuminate\Cookie\Middleware\EncryptCookies->handle(Object(Illuminate\Http\Request), Object(Closure))
#38 C:\xampp\htdocs\lig\bootstrap\cache\compiled.php(9963): call_user_func_array(Array, Array)
#39 [internal function]: Illuminate\Pipeline\Pipeline->Illuminate\Pipeline\{closure}(Object(Illuminate\Http\Request))
#40 C:\xampp\htdocs\lig\vendor\laravel\framework\src\Illuminate\Routing\Pipeline.php(32): call_user_func(Object(Closure), Object(Illuminate\Http\Request))
#41 [internal function]: Illuminate\Routing\Pipeline->Illuminate\Routing\{closure}(Object(Illuminate\Http\Request))
#42 C:\xampp\htdocs\lig\bootstrap\cache\compiled.php(9948): call_user_func(Object(Closure), Object(Illuminate\Http\Request))
#43 C:\xampp\htdocs\lig\bootstrap\cache\compiled.php(8226): Illuminate\Pipeline\Pipeline->then(Object(Closure))
#44 C:\xampp\htdocs\lig\bootstrap\cache\compiled.php(8217): Illuminate\Routing\Router->runRouteWithinStack(Object(Illuminate\Routing\Route), Object(Illuminate\Http\Request))
#45 C:\xampp\htdocs\lig\bootstrap\cache\compiled.php(8207): Illuminate\Routing\Router->dispatchToRoute(Object(Illuminate\Http\Request))
#46 C:\xampp\htdocs\lig\bootstrap\cache\compiled.php(2419): Illuminate\Routing\Router->dispatch(Object(Illuminate\Http\Request))
#47 [internal function]: Illuminate\Foundation\Http\Kernel->Illuminate\Foundation\Http\{closure}(Object(Illuminate\Http\Request))
#48 C:\xampp\htdocs\lig\vendor\laravel\framework\src\Illuminate\Routing\Pipeline.php(52): call_user_func(Object(Closure), Object(Illuminate\Http\Request))
#49 C:\xampp\htdocs\lig\bootstrap\cache\compiled.php(3286): Illuminate\Routing\Pipeline->Illuminate\Routing\{closure}(Object(Illuminate\Http\Request))
#50 [internal function]: Illuminate\Foundation\Http\Middleware\CheckForMaintenanceMode->handle(Object(Illuminate\Http\Request), Object(Closure))
#51 C:\xampp\htdocs\lig\bootstrap\cache\compiled.php(9963): call_user_func_array(Array, Array)
#52 [internal function]: Illuminate\Pipeline\Pipeline->Illuminate\Pipeline\{closure}(Object(Illuminate\Http\Request))
#53 C:\xampp\htdocs\lig\vendor\laravel\framework\src\Illuminate\Routing\Pipeline.php(32): call_user_func(Object(Closure), Object(Illuminate\Http\Request))
#54 [internal function]: Illuminate\Routing\Pipeline->Illuminate\Routing\{closure}(Object(Illuminate\Http\Request))
#55 C:\xampp\htdocs\lig\bootstrap\cache\compiled.php(9948): call_user_func(Object(Closure), Object(Illuminate\Http\Request))
#56 C:\xampp\htdocs\lig\bootstrap\cache\compiled.php(2366): Illuminate\Pipeline\Pipeline->then(Object(Closure))
#57 C:\xampp\htdocs\lig\bootstrap\cache\compiled.php(2350): Illuminate\Foundation\Http\Kernel->sendRequestThroughRouter(Object(Illuminate\Http\Request))
#58 C:\xampp\htdocs\lig\public\index.php(53): Illuminate\Foundation\Http\Kernel->handle(Object(Illuminate\Http\Request))
#59 {main}  
[2018-08-06 03:45:28] production.ERROR: ErrorException: Undefined variable: baseurl in C:\xampp\htdocs\lig\modules\article\Models\ArticleModel.php:67
Stack trace:
#0 C:\xampp\htdocs\lig\modules\article\Models\ArticleModel.php(67): Illuminate\Foundation\Bootstrap\HandleExceptions->handleError(8, 'Undefined varia...', 'C:\\xampp\\htdocs...', 67, Array)
#1 C:\xampp\htdocs\lig\modules\article\Controllers\ArticleController.php(26): Modules\Article\Models\ArticleModel::list_articles()
#2 [internal function]: Modules\Article\Controllers\ArticleController->list_articles()
#3 C:\xampp\htdocs\lig\bootstrap\cache\compiled.php(9424): call_user_func_array(Array, Array)
#4 C:\xampp\htdocs\lig\bootstrap\cache\compiled.php(9486): Illuminate\Routing\Controller->callAction('list_articles', Array)
#5 C:\xampp\htdocs\lig\bootstrap\cache\compiled.php(9466): Illuminate\Routing\ControllerDispatcher->call(Object(Modules\Article\Controllers\ArticleController), Object(Illuminate\Routing\Route), 'list_articles')
#6 [internal function]: Illuminate\Routing\ControllerDispatcher->Illuminate\Routing\{closure}(Object(Illuminate\Http\Request))
#7 C:\xampp\htdocs\lig\vendor\laravel\framework\src\Illuminate\Routing\Pipeline.php(52): call_user_func(Object(Closure), Object(Illuminate\Http\Request))
#8 [internal function]: Illuminate\Routing\Pipeline->Illuminate\Routing\{closure}(Object(Illuminate\Http\Request))
#9 C:\xampp\htdocs\lig\bootstrap\cache\compiled.php(9948): call_user_func(Object(Closure), Object(Illuminate\Http\Request))
#10 C:\xampp\htdocs\lig\bootstrap\cache\compiled.php(9467): Illuminate\Pipeline\Pipeline->then(Object(Closure))
#11 C:\xampp\htdocs\lig\bootstrap\cache\compiled.php(9454): Illuminate\Routing\ControllerDispatcher->callWithinStack(Object(Modules\Article\Controllers\ArticleController), Object(Illuminate\Routing\Route), Object(Illuminate\Http\Request), 'list_articles')
#12 C:\xampp\htdocs\lig\bootstrap\cache\compiled.php(8524): Illuminate\Routing\ControllerDispatcher->dispatch(Object(Illuminate\Routing\Route), Object(Illuminate\Http\Request), 'Modules\\Article...', 'list_articles')
#13 C:\xampp\htdocs\lig\bootstrap\cache\compiled.php(8511): Illuminate\Routing\Route->runController(Object(Illuminate\Http\Request))
#14 C:\xampp\htdocs\lig\bootstrap\cache\compiled.php(8225): Illuminate\Routing\Route->run(Object(Illuminate\Http\Request))
#15 [internal function]: Illuminate\Routing\Router->Illuminate\Routing\{closure}(Object(Illuminate\Http\Request))
#16 C:\xampp\htdocs\lig\vendor\laravel\framework\src\Illuminate\Routing\Pipeline.php(52): call_user_func(Object(Closure), Object(Illuminate\Http\Request))
#17 C:\xampp\htdocs\lig\bootstrap\cache\compiled.php(13474): Illuminate\Routing\Pipeline->Illuminate\Routing\{closure}(Object(Illuminate\Http\Request))
#18 [internal function]: Illuminate\View\Middleware\ShareErrorsFromSession->handle(Object(Illuminate\Http\Request), Object(Closure))
#19 C:\xampp\htdocs\lig\bootstrap\cache\compiled.php(9963): call_user_func_array(Array, Array)
#20 [internal function]: Illuminate\Pipeline\Pipeline->Illuminate\Pipeline\{closure}(Object(Illuminate\Http\Request))
#21 C:\xampp\htdocs\lig\vendor\laravel\framework\src\Illuminate\Routing\Pipeline.php(32): call_user_func(Object(Closure), Object(Illuminate\Http\Request))
#22 C:\xampp\htdocs\lig\bootstrap\cache\compiled.php(11964): Illuminate\Routing\Pipeline->Illuminate\Routing\{closure}(Object(Illuminate\Http\Request))
#23 [internal function]: Illuminate\Session\Middleware\StartSession->handle(Object(Illuminate\Http\Request), Object(Closure))
#24 C:\xampp\htdocs\lig\bootstrap\cache\compiled.php(9963): call_user_func_array(Array, Array)
#25 [internal function]: Illuminate\Pipeline\Pipeline->Illuminate\Pipeline\{closure}(Object(Illuminate\Http\Request))
#26 C:\xampp\htdocs\lig\vendor\laravel\framework\src\Illuminate\Routing\Pipeline.php(32): call_user_func(Object(Closure), Object(Illuminate\Http\Request))
#27 C:\xampp\htdocs\lig\bootstrap\cache\compiled.php(13213): Illuminate\Routing\Pipeline->Illuminate\Routing\{closure}(Object(Illuminate\Http\Request))
#28 [internal function]: Illuminate\Cookie\Middleware\AddQueuedCookiesToResponse->handle(Object(Illuminate\Http\Request), Object(Closure))
#29 C:\xampp\htdocs\lig\bootstrap\cache\compiled.php(9963): call_user_func_array(Array, Array)
#30 [internal function]: Illuminate\Pipeline\Pipeline->Illuminate\Pipeline\{closure}(Object(Illuminate\Http\Request))
#31 C:\xampp\htdocs\lig\vendor\laravel\framework\src\Illuminate\Routing\Pipeline.php(32): call_user_func(Object(Closure), Object(Illuminate\Http\Request))
#32 C:\xampp\htdocs\lig\bootstrap\cache\compiled.php(13150): Illuminate\Routing\Pipeline->Illuminate\Routing\{closure}(Object(Illuminate\Http\Request))
#33 [internal function]: Illuminate\Cookie\Middleware\EncryptCookies->handle(Object(Illuminate\Http\Request), Object(Closure))
#34 C:\xampp\htdocs\lig\bootstrap\cache\compiled.php(9963): call_user_func_array(Array, Array)
#35 [internal function]: Illuminate\Pipeline\Pipeline->Illuminate\Pipeline\{closure}(Object(Illuminate\Http\Request))
#36 C:\xampp\htdocs\lig\vendor\laravel\framework\src\Illuminate\Routing\Pipeline.php(32): call_user_func(Object(Closure), Object(Illuminate\Http\Request))
#37 [internal function]: Illuminate\Routing\Pipeline->Illuminate\Routing\{closure}(Object(Illuminate\Http\Request))
#38 C:\xampp\htdocs\lig\bootstrap\cache\compiled.php(9948): call_user_func(Object(Closure), Object(Illuminate\Http\Request))
#39 C:\xampp\htdocs\lig\bootstrap\cache\compiled.php(8226): Illuminate\Pipeline\Pipeline->then(Object(Closure))
#40 C:\xampp\htdocs\lig\bootstrap\cache\compiled.php(8217): Illuminate\Routing\Router->runRouteWithinStack(Object(Illuminate\Routing\Route), Object(Illuminate\Http\Request))
#41 C:\xampp\htdocs\lig\bootstrap\cache\compiled.php(8207): Illuminate\Routing\Router->dispatchToRoute(Object(Illuminate\Http\Request))
#42 C:\xampp\htdocs\lig\bootstrap\cache\compiled.php(2419): Illuminate\Routing\Router->dispatch(Object(Illuminate\Http\Request))
#43 [internal function]: Illuminate\Foundation\Http\Kernel->Illuminate\Foundation\Http\{closure}(Object(Illuminate\Http\Request))
#44 C:\xampp\htdocs\lig\vendor\laravel\framework\src\Illuminate\Routing\Pipeline.php(52): call_user_func(Object(Closure), Object(Illuminate\Http\Request))
#45 C:\xampp\htdocs\lig\bootstrap\cache\compiled.php(3286): Illuminate\Routing\Pipeline->Illuminate\Routing\{closure}(Object(Illuminate\Http\Request))
#46 [internal function]: Illuminate\Foundation\Http\Middleware\CheckForMaintenanceMode->handle(Object(Illuminate\Http\Request), Object(Closure))
#47 C:\xampp\htdocs\lig\bootstrap\cache\compiled.php(9963): call_user_func_array(Array, Array)
#48 [internal function]: Illuminate\Pipeline\Pipeline->Illuminate\Pipeline\{closure}(Object(Illuminate\Http\Request))
#49 C:\xampp\htdocs\lig\vendor\laravel\framework\src\Illuminate\Routing\Pipeline.php(32): call_user_func(Object(Closure), Object(Illuminate\Http\Request))
#50 [internal function]: Illuminate\Routing\Pipeline->Illuminate\Routing\{closure}(Object(Illuminate\Http\Request))
#51 C:\xampp\htdocs\lig\bootstrap\cache\compiled.php(9948): call_user_func(Object(Closure), Object(Illuminate\Http\Request))
#52 C:\xampp\htdocs\lig\bootstrap\cache\compiled.php(2366): Illuminate\Pipeline\Pipeline->then(Object(Closure))
#53 C:\xampp\htdocs\lig\bootstrap\cache\compiled.php(2350): Illuminate\Foundation\Http\Kernel->sendRequestThroughRouter(Object(Illuminate\Http\Request))
#54 C:\xampp\htdocs\lig\public\index.php(53): Illuminate\Foundation\Http\Kernel->handle(Object(Illuminate\Http\Request))
#55 {main}  
[2018-08-06 03:45:32] production.ERROR: ErrorException: Undefined variable: baseurl in C:\xampp\htdocs\lig\modules\article\Models\ArticleModel.php:67
Stack trace:
#0 C:\xampp\htdocs\lig\modules\article\Models\ArticleModel.php(67): Illuminate\Foundation\Bootstrap\HandleExceptions->handleError(8, 'Undefined varia...', 'C:\\xampp\\htdocs...', 67, Array)
#1 C:\xampp\htdocs\lig\modules\article\Controllers\ArticleController.php(26): Modules\Article\Models\ArticleModel::list_articles()
#2 [internal function]: Modules\Article\Controllers\ArticleController->list_articles()
#3 C:\xampp\htdocs\lig\bootstrap\cache\compiled.php(9424): call_user_func_array(Array, Array)
#4 C:\xampp\htdocs\lig\bootstrap\cache\compiled.php(9486): Illuminate\Routing\Controller->callAction('list_articles', Array)
#5 C:\xampp\htdocs\lig\bootstrap\cache\compiled.php(9466): Illuminate\Routing\ControllerDispatcher->call(Object(Modules\Article\Controllers\ArticleController), Object(Illuminate\Routing\Route), 'list_articles')
#6 [internal function]: Illuminate\Routing\ControllerDispatcher->Illuminate\Routing\{closure}(Object(Illuminate\Http\Request))
#7 C:\xampp\htdocs\lig\vendor\laravel\framework\src\Illuminate\Routing\Pipeline.php(52): call_user_func(Object(Closure), Object(Illuminate\Http\Request))
#8 [internal function]: Illuminate\Routing\Pipeline->Illuminate\Routing\{closure}(Object(Illuminate\Http\Request))
#9 C:\xampp\htdocs\lig\bootstrap\cache\compiled.php(9948): call_user_func(Object(Closure), Object(Illuminate\Http\Request))
#10 C:\xampp\htdocs\lig\bootstrap\cache\compiled.php(9467): Illuminate\Pipeline\Pipeline->then(Object(Closure))
#11 C:\xampp\htdocs\lig\bootstrap\cache\compiled.php(9454): Illuminate\Routing\ControllerDispatcher->callWithinStack(Object(Modules\Article\Controllers\ArticleController), Object(Illuminate\Routing\Route), Object(Illuminate\Http\Request), 'list_articles')
#12 C:\xampp\htdocs\lig\bootstrap\cache\compiled.php(8524): Illuminate\Routing\ControllerDispatcher->dispatch(Object(Illuminate\Routing\Route), Object(Illuminate\Http\Request), 'Modules\\Article...', 'list_articles')
#13 C:\xampp\htdocs\lig\bootstrap\cache\compiled.php(8511): Illuminate\Routing\Route->runController(Object(Illuminate\Http\Request))
#14 C:\xampp\htdocs\lig\bootstrap\cache\compiled.php(8225): Illuminate\Routing\Route->run(Object(Illuminate\Http\Request))
#15 [internal function]: Illuminate\Routing\Router->Illuminate\Routing\{closure}(Object(Illuminate\Http\Request))
#16 C:\xampp\htdocs\lig\vendor\laravel\framework\src\Illuminate\Routing\Pipeline.php(52): call_user_func(Object(Closure), Object(Illuminate\Http\Request))
#17 C:\xampp\htdocs\lig\bootstrap\cache\compiled.php(13474): Illuminate\Routing\Pipeline->Illuminate\Routing\{closure}(Object(Illuminate\Http\Request))
#18 [internal function]: Illuminate\View\Middleware\ShareErrorsFromSession->handle(Object(Illuminate\Http\Request), Object(Closure))
#19 C:\xampp\htdocs\lig\bootstrap\cache\compiled.php(9963): call_user_func_array(Array, Array)
#20 [internal function]: Illuminate\Pipeline\Pipeline->Illuminate\Pipeline\{closure}(Object(Illuminate\Http\Request))
#21 C:\xampp\htdocs\lig\vendor\laravel\framework\src\Illuminate\Routing\Pipeline.php(32): call_user_func(Object(Closure), Object(Illuminate\Http\Request))
#22 C:\xampp\htdocs\lig\bootstrap\cache\compiled.php(11964): Illuminate\Routing\Pipeline->Illuminate\Routing\{closure}(Object(Illuminate\Http\Request))
#23 [internal function]: Illuminate\Session\Middleware\StartSession->handle(Object(Illuminate\Http\Request), Object(Closure))
#24 C:\xampp\htdocs\lig\bootstrap\cache\compiled.php(9963): call_user_func_array(Array, Array)
#25 [internal function]: Illuminate\Pipeline\Pipeline->Illuminate\Pipeline\{closure}(Object(Illuminate\Http\Request))
#26 C:\xampp\htdocs\lig\vendor\laravel\framework\src\Illuminate\Routing\Pipeline.php(32): call_user_func(Object(Closure), Object(Illuminate\Http\Request))
#27 C:\xampp\htdocs\lig\bootstrap\cache\compiled.php(13213): Illuminate\Routing\Pipeline->Illuminate\Routing\{closure}(Object(Illuminate\Http\Request))
#28 [internal function]: Illuminate\Cookie\Middleware\AddQueuedCookiesToResponse->handle(Object(Illuminate\Http\Request), Object(Closure))
#29 C:\xampp\htdocs\lig\bootstrap\cache\compiled.php(9963): call_user_func_array(Array, Array)
#30 [internal function]: Illuminate\Pipeline\Pipeline->Illuminate\Pipeline\{closure}(Object(Illuminate\Http\Request))
#31 C:\xampp\htdocs\lig\vendor\laravel\framework\src\Illuminate\Routing\Pipeline.php(32): call_user_func(Object(Closure), Object(Illuminate\Http\Request))
#32 C:\xampp\htdocs\lig\bootstrap\cache\compiled.php(13150): Illuminate\Routing\Pipeline->Illuminate\Routing\{closure}(Object(Illuminate\Http\Request))
#33 [internal function]: Illuminate\Cookie\Middleware\EncryptCookies->handle(Object(Illuminate\Http\Request), Object(Closure))
#34 C:\xampp\htdocs\lig\bootstrap\cache\compiled.php(9963): call_user_func_array(Array, Array)
#35 [internal function]: Illuminate\Pipeline\Pipeline->Illuminate\Pipeline\{closure}(Object(Illuminate\Http\Request))
#36 C:\xampp\htdocs\lig\vendor\laravel\framework\src\Illuminate\Routing\Pipeline.php(32): call_user_func(Object(Closure), Object(Illuminate\Http\Request))
#37 [internal function]: Illuminate\Routing\Pipeline->Illuminate\Routing\{closure}(Object(Illuminate\Http\Request))
#38 C:\xampp\htdocs\lig\bootstrap\cache\compiled.php(9948): call_user_func(Object(Closure), Object(Illuminate\Http\Request))
#39 C:\xampp\htdocs\lig\bootstrap\cache\compiled.php(8226): Illuminate\Pipeline\Pipeline->then(Object(Closure))
#40 C:\xampp\htdocs\lig\bootstrap\cache\compiled.php(8217): Illuminate\Routing\Router->runRouteWithinStack(Object(Illuminate\Routing\Route), Object(Illuminate\Http\Request))
#41 C:\xampp\htdocs\lig\bootstrap\cache\compiled.php(8207): Illuminate\Routing\Router->dispatchToRoute(Object(Illuminate\Http\Request))
#42 C:\xampp\htdocs\lig\bootstrap\cache\compiled.php(2419): Illuminate\Routing\Router->dispatch(Object(Illuminate\Http\Request))
#43 [internal function]: Illuminate\Foundation\Http\Kernel->Illuminate\Foundation\Http\{closure}(Object(Illuminate\Http\Request))
#44 C:\xampp\htdocs\lig\vendor\laravel\framework\src\Illuminate\Routing\Pipeline.php(52): call_user_func(Object(Closure), Object(Illuminate\Http\Request))
#45 C:\xampp\htdocs\lig\bootstrap\cache\compiled.php(3286): Illuminate\Routing\Pipeline->Illuminate\Routing\{closure}(Object(Illuminate\Http\Request))
#46 [internal function]: Illuminate\Foundation\Http\Middleware\CheckForMaintenanceMode->handle(Object(Illuminate\Http\Request), Object(Closure))
#47 C:\xampp\htdocs\lig\bootstrap\cache\compiled.php(9963): call_user_func_array(Array, Array)
#48 [internal function]: Illuminate\Pipeline\Pipeline->Illuminate\Pipeline\{closure}(Object(Illuminate\Http\Request))
#49 C:\xampp\htdocs\lig\vendor\laravel\framework\src\Illuminate\Routing\Pipeline.php(32): call_user_func(Object(Closure), Object(Illuminate\Http\Request))
#50 [internal function]: Illuminate\Routing\Pipeline->Illuminate\Routing\{closure}(Object(Illuminate\Http\Request))
#51 C:\xampp\htdocs\lig\bootstrap\cache\compiled.php(9948): call_user_func(Object(Closure), Object(Illuminate\Http\Request))
#52 C:\xampp\htdocs\lig\bootstrap\cache\compiled.php(2366): Illuminate\Pipeline\Pipeline->then(Object(Closure))
#53 C:\xampp\htdocs\lig\bootstrap\cache\compiled.php(2350): Illuminate\Foundation\Http\Kernel->sendRequestThroughRouter(Object(Illuminate\Http\Request))
#54 C:\xampp\htdocs\lig\public\index.php(53): Illuminate\Foundation\Http\Kernel->handle(Object(Illuminate\Http\Request))
#55 {main}  
